=> Booting WEBrick
=> Rails 4.0.0 application starting in development on http://0.0.0.0:3000
=> Run `rails server -h` for more startup options
=> Ctrl-C to shutdown server


Started GET "/" for 127.0.0.1 at 2013-11-01 15:36:55 -0400
Processing by HomePageController#index as HTML
  Rendered panes/_account_pane.html.erb (0.6ms)
  Rendered panes/_meeting_pane.html.erb (0.5ms)
  Rendered panes/_task_pane.html.erb (0.4ms)
  Rendered panes/_dashboard.html.erb (24.4ms)
  Rendered home_page/index.html.erb within layouts/application (98.8ms)
  Rendered panes/_top_bar.html.erb (0.7ms)
  Rendered panes/_meeting_bar.html.erb (0.7ms)
  Rendered panes/_task_bar.html.erb (0.7ms)
  Rendered panes/_bottom_bar.html.erb (1.0ms)
Completed 200 OK in 821ms (Views: 766.2ms | ActiveRecord: 0.0ms)


Started GET "/assets/application.css?body=1" for 127.0.0.1 at 2013-11-01 15:36:57 -0400


Started GET "/lastninja.ttf" for 127.0.0.1 at 2013-11-01 15:36:57 -0400

ActionController::RoutingError (No route matches [GET] "/lastninja.ttf"):
  actionpack (4.0.0) lib/action_dispatch/middleware/debug_exceptions.rb:21:in `call'
  actionpack (4.0.0) lib/action_dispatch/middleware/show_exceptions.rb:30:in `call'
  railties (4.0.0) lib/rails/rack/logger.rb:38:in `call_app'
  railties (4.0.0) lib/rails/rack/logger.rb:21:in `block in call'
  activesupport (4.0.0) lib/active_support/tagged_logging.rb:67:in `block in tagged'
  activesupport (4.0.0) lib/active_support/tagged_logging.rb:25:in `tagged'
  activesupport (4.0.0) lib/active_support/tagged_logging.rb:67:in `tagged'
  railties (4.0.0) lib/rails/rack/logger.rb:21:in `call'
  actionpack (4.0.0) lib/action_dispatch/middleware/request_id.rb:21:in `call'
  rack (1.5.2) lib/rack/methodoverride.rb:21:in `call'
  rack (1.5.2) lib/rack/runtime.rb:17:in `call'
  activesupport (4.0.0) lib/active_support/cache/strategy/local_cache.rb:83:in `call'
  rack (1.5.2) lib/rack/lock.rb:17:in `call'
  actionpack (4.0.0) lib/action_dispatch/middleware/static.rb:64:in `call'
  railties (4.0.0) lib/rails/engine.rb:511:in `call'
  railties (4.0.0) lib/rails/application.rb:97:in `call'
  rack (1.5.2) lib/rack/lock.rb:17:in `call'
  rack (1.5.2) lib/rack/content_length.rb:14:in `call'
  rack (1.5.2) lib/rack/handler/webrick.rb:60:in `service'
  /Users/g_rant/.rvm/rubies/ruby-2.0.0-p247/lib/ruby/2.0.0/webrick/httpserver.rb:138:in `service'
  /Users/g_rant/.rvm/rubies/ruby-2.0.0-p247/lib/ruby/2.0.0/webrick/httpserver.rb:94:in `run'
  /Users/g_rant/.rvm/rubies/ruby-2.0.0-p247/lib/ruby/2.0.0/webrick/server.rb:295:in `block in start_thread'


  Rendered /Users/g_rant/.rvm/gems/ruby-2.0.0-p247@mygemset/gems/actionpack-4.0.0/lib/action_dispatch/middleware/templates/rescues/_trace.erb (1.3ms)
  Rendered /Users/g_rant/.rvm/gems/ruby-2.0.0-p247@mygemset/gems/actionpack-4.0.0/lib/action_dispatch/middleware/templates/routes/_route.html.erb (5.0ms)
  Rendered /Users/g_rant/.rvm/gems/ruby-2.0.0-p247@mygemset/gems/actionpack-4.0.0/lib/action_dispatch/middleware/templates/routes/_table.html.erb (73.0ms)
  Rendered /Users/g_rant/.rvm/gems/ruby-2.0.0-p247@mygemset/gems/actionpack-4.0.0/lib/action_dispatch/middleware/templates/rescues/routing_error.erb within rescues/layout (153.9ms)


Started GET "/lastninja.ttf" for 127.0.0.1 at 2013-11-01 15:36:58 -0400

ActionController::RoutingError (No route matches [GET] "/lastninja.ttf"):
  actionpack (4.0.0) lib/action_dispatch/middleware/debug_exceptions.rb:21:in `call'
  actionpack (4.0.0) lib/action_dispatch/middleware/show_exceptions.rb:30:in `call'
  railties (4.0.0) lib/rails/rack/logger.rb:38:in `call_app'
  railties (4.0.0) lib/rails/rack/logger.rb:21:in `block in call'
  activesupport (4.0.0) lib/active_support/tagged_logging.rb:67:in `block in tagged'
  activesupport (4.0.0) lib/active_support/tagged_logging.rb:25:in `tagged'
  activesupport (4.0.0) lib/active_support/tagged_logging.rb:67:in `tagged'
  railties (4.0.0) lib/rails/rack/logger.rb:21:in `call'
  actionpack (4.0.0) lib/action_dispatch/middleware/request_id.rb:21:in `call'
  rack (1.5.2) lib/rack/methodoverride.rb:21:in `call'
  rack (1.5.2) lib/rack/runtime.rb:17:in `call'
  activesupport (4.0.0) lib/active_support/cache/strategy/local_cache.rb:83:in `call'
  rack (1.5.2) lib/rack/lock.rb:17:in `call'
  actionpack (4.0.0) lib/action_dispatch/middleware/static.rb:64:in `call'
  railties (4.0.0) lib/rails/engine.rb:511:in `call'
  railties (4.0.0) lib/rails/application.rb:97:in `call'
  rack (1.5.2) lib/rack/lock.rb:17:in `call'
  rack (1.5.2) lib/rack/content_length.rb:14:in `call'
  rack (1.5.2) lib/rack/handler/webrick.rb:60:in `service'
  /Users/g_rant/.rvm/rubies/ruby-2.0.0-p247/lib/ruby/2.0.0/webrick/httpserver.rb:138:in `service'
  /Users/g_rant/.rvm/rubies/ruby-2.0.0-p247/lib/ruby/2.0.0/webrick/httpserver.rb:94:in `run'
  /Users/g_rant/.rvm/rubies/ruby-2.0.0-p247/lib/ruby/2.0.0/webrick/server.rb:295:in `block in start_thread'


  Rendered /Users/g_rant/.rvm/gems/ruby-2.0.0-p247@mygemset/gems/actionpack-4.0.0/lib/action_dispatch/middleware/templates/rescues/_trace.erb (1.0ms)
  Rendered /Users/g_rant/.rvm/gems/ruby-2.0.0-p247@mygemset/gems/actionpack-4.0.0/lib/action_dispatch/middleware/templates/routes/_route.html.erb (1.9ms)
  Rendered /Users/g_rant/.rvm/gems/ruby-2.0.0-p247@mygemset/gems/actionpack-4.0.0/lib/action_dispatch/middleware/templates/routes/_table.html.erb (1.2ms)
  Rendered /Users/g_rant/.rvm/gems/ruby-2.0.0-p247@mygemset/gems/actionpack-4.0.0/lib/action_dispatch/middleware/templates/rescues/routing_error.erb within rescues/layout (19.9ms)


Started GET "/" for 173.252.73.112 at 2013-11-01 15:37:37 -0400
Processing by HomePageController#index as */*
  Rendered panes/_account_pane.html.erb (1.0ms)
  Rendered panes/_meeting_pane.html.erb (0.5ms)
  Rendered panes/_task_pane.html.erb (0.4ms)
  Rendered panes/_dashboard.html.erb (35.8ms)
  Rendered home_page/index.html.erb within layouts/application (54.3ms)
  Rendered panes/_top_bar.html.erb (1.1ms)
  Rendered panes/_meeting_bar.html.erb (1.0ms)
  Rendered panes/_task_bar.html.erb (0.6ms)
  Rendered panes/_bottom_bar.html.erb (29.7ms)
Completed 200 OK in 202ms (Views: 201.6ms | ActiveRecord: 0.0ms)


Started GET "/" for 140.182.0.133 at 2013-11-01 15:37:37 -0400
Processing by HomePageController#index as HTML
  Rendered panes/_account_pane.html.erb (0.0ms)
  Rendered panes/_meeting_pane.html.erb (0.0ms)
  Rendered panes/_task_pane.html.erb (0.0ms)
  Rendered panes/_dashboard.html.erb (2.2ms)
  Rendered home_page/index.html.erb within layouts/application (3.0ms)
  Rendered panes/_top_bar.html.erb (0.0ms)
  Rendered panes/_meeting_bar.html.erb (0.0ms)
  Rendered panes/_task_bar.html.erb (0.0ms)
  Rendered panes/_bottom_bar.html.erb (0.0ms)
Completed 200 OK in 15ms (Views: 14.1ms | ActiveRecord: 0.0ms)


Started GET "/assets/twitter/bootstrap" for 140.182.0.133 at 2013-11-01 15:37:38 -0400


Started GET "/assets/application.css?body=1" for 140.182.0.133 at 2013-11-01 15:37:38 -0400


Started GET "/assets/bootstrap_and_override.css?body=1" for 140.182.0.133 at 2013-11-01 15:37:38 -0400


Started GET "/assets/groups.css?body=1" for 140.182.0.133 at 2013-11-01 15:37:38 -0400


Started GET "/assets/home_page.css?body=1" for 140.182.0.133 at 2013-11-01 15:37:38 -0400


Started GET "/assets/login.css?body=1" for 140.182.0.133 at 2013-11-01 15:37:38 -0400


Started GET "/assets/meetings.css?body=1" for 140.182.0.133 at 2013-11-01 15:37:38 -0400


Started GET "/assets/preferences.css?body=1" for 140.182.0.133 at 2013-11-01 15:37:38 -0400


Started GET "/assets/profile.css?body=1" for 140.182.0.133 at 2013-11-01 15:37:38 -0400


Started GET "/assets/tasks.css?body=1" for 140.182.0.133 at 2013-11-01 15:37:38 -0400


Started GET "/assets/jquery.js?body=1" for 140.182.0.133 at 2013-11-01 15:37:38 -0400


Started GET "/assets/turbolinks.js?body=1" for 140.182.0.133 at 2013-11-01 15:37:38 -0400


Started GET "/assets/jquery_ujs.js?body=1" for 140.182.0.133 at 2013-11-01 15:37:38 -0400


Started GET "/assets/groups.js?body=1" for 140.182.0.133 at 2013-11-01 15:37:38 -0400


Started GET "/assets/home_page.js?body=1" for 140.182.0.133 at 2013-11-01 15:37:38 -0400


Started GET "/assets/login.js?body=1" for 140.182.0.133 at 2013-11-01 15:37:38 -0400


Started GET "/assets/meetings.js?body=1" for 140.182.0.133 at 2013-11-01 15:37:38 -0400


Started GET "/assets/preferences.js?body=1" for 140.182.0.133 at 2013-11-01 15:37:38 -0400


Started GET "/assets/profile.js?body=1" for 140.182.0.133 at 2013-11-01 15:37:38 -0400


Started GET "/assets/tasks.js?body=1" for 140.182.0.133 at 2013-11-01 15:37:38 -0400


Started GET "/assets/application.js?body=1" for 140.182.0.133 at 2013-11-01 15:37:39 -0400


Started GET "/lastninja.ttf" for 140.182.0.133 at 2013-11-01 15:37:39 -0400

ActionController::RoutingError (No route matches [GET] "/lastninja.ttf"):
  actionpack (4.0.0) lib/action_dispatch/middleware/debug_exceptions.rb:21:in `call'
  actionpack (4.0.0) lib/action_dispatch/middleware/show_exceptions.rb:30:in `call'
  railties (4.0.0) lib/rails/rack/logger.rb:38:in `call_app'
  railties (4.0.0) lib/rails/rack/logger.rb:21:in `block in call'
  activesupport (4.0.0) lib/active_support/tagged_logging.rb:67:in `block in tagged'
  activesupport (4.0.0) lib/active_support/tagged_logging.rb:25:in `tagged'
  activesupport (4.0.0) lib/active_support/tagged_logging.rb:67:in `tagged'
  railties (4.0.0) lib/rails/rack/logger.rb:21:in `call'
  actionpack (4.0.0) lib/action_dispatch/middleware/request_id.rb:21:in `call'
  rack (1.5.2) lib/rack/methodoverride.rb:21:in `call'
  rack (1.5.2) lib/rack/runtime.rb:17:in `call'
  activesupport (4.0.0) lib/active_support/cache/strategy/local_cache.rb:83:in `call'
  rack (1.5.2) lib/rack/lock.rb:17:in `call'
  actionpack (4.0.0) lib/action_dispatch/middleware/static.rb:64:in `call'
  railties (4.0.0) lib/rails/engine.rb:511:in `call'
  railties (4.0.0) lib/rails/application.rb:97:in `call'
  rack (1.5.2) lib/rack/lock.rb:17:in `call'
  rack (1.5.2) lib/rack/content_length.rb:14:in `call'
  rack (1.5.2) lib/rack/handler/webrick.rb:60:in `service'
  /Users/g_rant/.rvm/rubies/ruby-2.0.0-p247/lib/ruby/2.0.0/webrick/httpserver.rb:138:in `service'
  /Users/g_rant/.rvm/rubies/ruby-2.0.0-p247/lib/ruby/2.0.0/webrick/httpserver.rb:94:in `run'
  /Users/g_rant/.rvm/rubies/ruby-2.0.0-p247/lib/ruby/2.0.0/webrick/server.rb:295:in `block in start_thread'


  Rendered /Users/g_rant/.rvm/gems/ruby-2.0.0-p247@mygemset/gems/actionpack-4.0.0/lib/action_dispatch/middleware/templates/rescues/_trace.erb (1.1ms)
  Rendered /Users/g_rant/.rvm/gems/ruby-2.0.0-p247@mygemset/gems/actionpack-4.0.0/lib/action_dispatch/middleware/templates/routes/_route.html.erb (1.3ms)
  Rendered /Users/g_rant/.rvm/gems/ruby-2.0.0-p247@mygemset/gems/actionpack-4.0.0/lib/action_dispatch/middleware/templates/routes/_table.html.erb (1.2ms)
  Rendered /Users/g_rant/.rvm/gems/ruby-2.0.0-p247@mygemset/gems/actionpack-4.0.0/lib/action_dispatch/middleware/templates/rescues/routing_error.erb within rescues/layout (21.4ms)


Started GET "/lastninja.ttf" for 140.182.0.133 at 2013-11-01 15:37:39 -0400

ActionController::RoutingError (No route matches [GET] "/lastninja.ttf"):
  actionpack (4.0.0) lib/action_dispatch/middleware/debug_exceptions.rb:21:in `call'
  actionpack (4.0.0) lib/action_dispatch/middleware/show_exceptions.rb:30:in `call'
  railties (4.0.0) lib/rails/rack/logger.rb:38:in `call_app'
  railties (4.0.0) lib/rails/rack/logger.rb:21:in `block in call'
  activesupport (4.0.0) lib/active_support/tagged_logging.rb:67:in `block in tagged'
  activesupport (4.0.0) lib/active_support/tagged_logging.rb:25:in `tagged'
  activesupport (4.0.0) lib/active_support/tagged_logging.rb:67:in `tagged'
  railties (4.0.0) lib/rails/rack/logger.rb:21:in `call'
  actionpack (4.0.0) lib/action_dispatch/middleware/request_id.rb:21:in `call'
  rack (1.5.2) lib/rack/methodoverride.rb:21:in `call'
  rack (1.5.2) lib/rack/runtime.rb:17:in `call'
  activesupport (4.0.0) lib/active_support/cache/strategy/local_cache.rb:83:in `call'
  rack (1.5.2) lib/rack/lock.rb:17:in `call'
  actionpack (4.0.0) lib/action_dispatch/middleware/static.rb:64:in `call'
  railties (4.0.0) lib/rails/engine.rb:511:in `call'
  railties (4.0.0) lib/rails/application.rb:97:in `call'
  rack (1.5.2) lib/rack/lock.rb:17:in `call'
  rack (1.5.2) lib/rack/content_length.rb:14:in `call'
  rack (1.5.2) lib/rack/handler/webrick.rb:60:in `service'
  /Users/g_rant/.rvm/rubies/ruby-2.0.0-p247/lib/ruby/2.0.0/webrick/httpserver.rb:138:in `service'
  /Users/g_rant/.rvm/rubies/ruby-2.0.0-p247/lib/ruby/2.0.0/webrick/httpserver.rb:94:in `run'
  /Users/g_rant/.rvm/rubies/ruby-2.0.0-p247/lib/ruby/2.0.0/webrick/server.rb:295:in `block in start_thread'


  Rendered /Users/g_rant/.rvm/gems/ruby-2.0.0-p247@mygemset/gems/actionpack-4.0.0/lib/action_dispatch/middleware/templates/rescues/_trace.erb (2.5ms)
  Rendered /Users/g_rant/.rvm/gems/ruby-2.0.0-p247@mygemset/gems/actionpack-4.0.0/lib/action_dispatch/middleware/templates/routes/_route.html.erb (2.8ms)
  Rendered /Users/g_rant/.rvm/gems/ruby-2.0.0-p247@mygemset/gems/actionpack-4.0.0/lib/action_dispatch/middleware/templates/routes/_table.html.erb (31.3ms)
  Rendered /Users/g_rant/.rvm/gems/ruby-2.0.0-p247@mygemset/gems/actionpack-4.0.0/lib/action_dispatch/middleware/templates/rescues/routing_error.erb within rescues/layout (62.7ms)
Exiting
